<?xml version="1.0" encoding="UTF-8"?>
<!-- Generated by org.testng.reporters.JUnitReportReporter -->
<testsuite hostname="active35-Vostro-3800" failures="0" tests="1" name="TestNGAnnotation.com.Minimise" time="7.906" errors="0" timestamp="2023-04-19T17:53:28 IST" skipped="0">
  <testcase classname="TestNGAnnotation.com.Minimise" name="min" time="7.906"/>
  <system-out/>
</testsuite> <!-- TestNGAnnotation.com.Minimise -->
