<?xml version="1.0" encoding="UTF-8"?>
<!-- Generated by org.testng.reporters.JUnitReportReporter -->
<testsuite hostname="active35-Vostro-3800" failures="0" tests="1" name="TestNGAnnotation.com.AppTest" time="7.005" errors="0" timestamp="2023-03-23T17:42:17 IST" skipped="0">
  <testcase classname="TestNGAnnotation.com.AppTest" name="AppTest" time="7.005"/>
  <system-out/>
</testsuite> <!-- TestNGAnnotation.com.AppTest -->
